<?xml version="1.0" encoding="utf-8"?><testsuites><testsuite name="pytest" errors="0" failures="0" skipped="0" tests="6" time="0.465" timestamp="2025-05-15T18:58:16.760001+08:00" hostname="LAPTOP-1L02S2N9"><testcase classname="tests.unit.test_placeholder_factory.TestPlaceholderFactory" name="test_get_animation_successful_load" time="0.221" /><testcase classname="tests.unit.test_placeholder_factory.TestPlaceholderFactory" name="test_get_animation_module_not_found" time="0.002" /><testcase classname="tests.unit.test_placeholder_factory.TestPlaceholderFactory" name="test_get_animation_create_animation_not_found" time="0.002" /><testcase classname="tests.unit.test_placeholder_factory.TestPlaceholderFactory" name="test_get_animation_create_animation_returns_wrong_type" time="0.002" /><testcase classname="tests.unit.test_placeholder_factory.TestPlaceholderFactory" name="test_get_animation_exception_handling" time="0.002" /><testcase classname="tests.unit.test_placeholder_factory.TestPlaceholderFactory" name="test_multi_state_loading" time="0.004" /></testsuite></testsuites>