<?xml version="1.0" encoding="utf-8"?><testsuites><testsuite name="pytest" errors="0" failures="0" skipped="0" tests="6" time="0.091" timestamp="2025-05-15T19:00:28.579430+08:00" hostname="LAPTOP-1L02S2N9"><testcase classname="tests.unit.test_placeholder_factory.TestPlaceholderFactory" name="test_get_animation_successful_load" time="0.007" /><testcase classname="tests.unit.test_placeholder_factory.TestPlaceholderFactory" name="test_get_animation_module_not_found" time="0.008" /><testcase classname="tests.unit.test_placeholder_factory.TestPlaceholderFactory" name="test_get_animation_create_animation_not_found" time="0.004" /><testcase classname="tests.unit.test_placeholder_factory.TestPlaceholderFactory" name="test_get_animation_create_animation_returns_wrong_type" time="0.005" /><testcase classname="tests.unit.test_placeholder_factory.TestPlaceholderFactory" name="test_get_animation_exception_handling" time="0.007" /><testcase classname="tests.unit.test_placeholder_factory.TestPlaceholderFactory" name="test_multi_state_loading" time="0.003" /></testsuite></testsuites>