<?xml version="1.0" encoding="utf-8"?><testsuites><testsuite name="pytest" errors="0" failures="0" skipped="0" tests="8" time="0.365" timestamp="2025-05-15T19:21:06.590306+08:00" hostname="LAPTOP-1L02S2N9"><testcase classname="tests.unit.test_placeholder_factory_cache.TestPlaceholderFactoryCache" name="test_animation_is_cached" time="0.168" /><testcase classname="tests.unit.test_placeholder_factory_cache.TestPlaceholderFactoryCache" name="test_different_states_not_cached_together" time="0.002" /><testcase classname="tests.unit.test_placeholder_factory_cache.TestPlaceholderFactoryCache" name="test_cache_size_limit" time="0.005" /><testcase classname="tests.unit.test_placeholder_factory_cache.TestPlaceholderFactoryCache" name="test_clear_cache" time="0.002" /><testcase classname="tests.unit.test_placeholder_factory_cache_stats.TestPlaceholderFactoryCacheStats" name="test_cache_stats_basic" time="0.002" /><testcase classname="tests.unit.test_placeholder_factory_cache_stats.TestPlaceholderFactoryCacheStats" name="test_cache_stats_tracking" time="0.002" /><testcase classname="tests.unit.test_placeholder_factory_cache_stats.TestPlaceholderFactoryCacheStats" name="test_cache_stats_multiple_states" time="0.002" /><testcase classname="tests.unit.test_placeholder_factory_cache_stats.TestPlaceholderFactoryCacheStats" name="test_reset_stats" time="0.002" /></testsuite></testsuites>