<?xml version="1.0" encoding="utf-8"?><testsuites><testsuite name="pytest" errors="0" failures="0" skipped="0" tests="6" time="0.273" timestamp="2025-05-15T19:33:57.071425+08:00" hostname="LAPTOP-1L02S2N9"><testcase classname="tests.unit.test_resource_hot_loading.TestResourceHotLoading" name="test_monitor_creation" time="0.143" /><testcase classname="tests.unit.test_resource_hot_loading.TestResourceHotLoading" name="test_start_stop_monitoring" time="0.004" /><testcase classname="tests.unit.test_resource_hot_loading.TestResourceHotLoading" name="test_detect_new_pack" time="0.004" /><testcase classname="tests.unit.test_resource_hot_loading.TestResourceHotLoading" name="test_detect_updated_pack" time="0.007" /><testcase classname="tests.unit.test_resource_hot_loading.TestResourceHotLoading" name="test_hot_reload_event" time="0.004" /><testcase classname="tests.unit.test_resource_hot_loading.TestResourceHotLoading" name="test_resource_loader_integration" time="0.004" /></testsuite></testsuites>