<?xml version="1.0" encoding="utf-8"?><testsuites><testsuite name="pytest" errors="0" failures="0" skipped="0" tests="0" time="0.024" timestamp="2025-05-15T19:01:16.673089+08:00" hostname="LAPTOP-1L02S2N9" /></testsuites>