<?xml version="1.0" encoding="utf-8"?><testsuites><testsuite name="pytest" errors="0" failures="0" skipped="0" tests="14" time="0.454" timestamp="2025-05-15T19:19:29.633582+08:00" hostname="LAPTOP-1L02S2N9"><testcase classname="tests.unit.test_placeholder_factory_cache.TestPlaceholderFactoryCache" name="test_animation_is_cached" time="0.187" /><testcase classname="tests.unit.test_placeholder_factory_cache.TestPlaceholderFactoryCache" name="test_different_states_not_cached_together" time="0.002" /><testcase classname="tests.unit.test_placeholder_factory_cache.TestPlaceholderFactoryCache" name="test_cache_size_limit" time="0.003" /><testcase classname="tests.unit.test_placeholder_factory_cache.TestPlaceholderFactoryCache" name="test_clear_cache" time="0.002" /><testcase classname="tests.pet_assets.test_placeholder_factory.TestPlaceholderFactory" name="test_get_animation_create_animation_not_found" time="0.009" /><testcase classname="tests.pet_assets.test_placeholder_factory.TestPlaceholderFactory" name="test_get_animation_create_animation_returns_wrong_type" time="0.003" /><testcase classname="tests.pet_assets.test_placeholder_factory.TestPlaceholderFactory" name="test_get_animation_module_not_found" time="0.003" /><testcase classname="tests.pet_assets.test_placeholder_factory.TestPlaceholderFactory" name="test_get_animation_successful_load" time="0.002" /><testcase classname="tests.unit.test_placeholder_factory.TestPlaceholderFactory" name="test_get_animation_successful_load" time="0.005" /><testcase classname="tests.unit.test_placeholder_factory.TestPlaceholderFactory" name="test_get_animation_module_not_found" time="0.002" /><testcase classname="tests.unit.test_placeholder_factory.TestPlaceholderFactory" name="test_get_animation_create_animation_not_found" time="0.002" /><testcase classname="tests.unit.test_placeholder_factory.TestPlaceholderFactory" name="test_get_animation_create_animation_returns_wrong_type" time="0.006" /><testcase classname="tests.unit.test_placeholder_factory.TestPlaceholderFactory" name="test_get_animation_exception_handling" time="0.004" /><testcase classname="tests.unit.test_placeholder_factory.TestPlaceholderFactory" name="test_multi_state_loading" time="0.003" /></testsuite></testsuites>